<?xml version="1.0" encoding="UTF-8"?>
<!-- Generated by org.testng.reporters.JUnitReportReporter -->
<testsuite hostname="LIN59017689" failures="0" tests="3" name="Apauskar.Tests.StandAloneTest" time="26.892" errors="0" timestamp="2025-06-15T20:52:30 IST" skipped="0">
  <testcase classname="Apauskar.Tests.StandAloneTest" name="OrderHistoryTest" time="6.115"/>
  <system-out/>
  <testcase classname="Apauskar.Tests.StandAloneTest" name="Submitorder" time="9.275"/>
  <system-out/>
  <testcase classname="Apauskar.Tests.StandAloneTest" name="Submitorder" time="11.502"/>
  <system-out/>
</testsuite> <!-- Apauskar.Tests.StandAloneTest -->
