<?xml version="1.0" encoding="UTF-8"?>
<!-- Generated by org.testng.reporters.JUnitReportReporter -->
<testsuite hostname="LIN59020562" failures="0" tests="1" name="Apauskar.Tests.ErrorValidation" time="14.925" errors="0" timestamp="2025-05-27T11:54:18 IST" skipped="0">
  <testcase classname="Apauskar.Tests.ErrorValidation" name="submitorder" time="14.925"/>
</testsuite> <!-- Apauskar.Tests.ErrorValidation -->
