<?xml version="1.0" encoding="UTF-8"?>
<!-- Generated by org.testng.reporters.JUnitReportReporter -->
<testsuite hostname="LIN59020562" failures="0" tests="3" name="Apauskar.Tests.StandAloneTest" time="35.919" errors="0" timestamp="2025-05-27T11:54:18 IST" skipped="0">
  <testcase classname="Apauskar.Tests.StandAloneTest" name="Submitorder" time="9.615"/>
  <testcase classname="Apauskar.Tests.StandAloneTest" name="OrderHistoryTest" time="15.279"/>
  <testcase classname="Apauskar.Tests.StandAloneTest" name="Submitorder" time="11.025"/>
</testsuite> <!-- Apauskar.Tests.StandAloneTest -->
