<?xml version="1.0" encoding="UTF-8"?>
<!-- Generated by org.testng.reporters.JUnitReportReporter -->
<testsuite hostname="LIN59020562" failures="0" tests="3" name="Apauskar.Tests.StandAloneTest" time="29.498" errors="0" timestamp="2025-05-29T10:44:33 IST" skipped="0">
  <testcase classname="Apauskar.Tests.StandAloneTest" name="Submitorder" time="17.540"/>
  <testcase classname="Apauskar.Tests.StandAloneTest" name="Submitorder" time="6.066"/>
  <testcase classname="Apauskar.Tests.StandAloneTest" name="OrderHistoryTest" time="5.892"/>
</testsuite> <!-- Apauskar.Tests.StandAloneTest -->
